<?xml version="1.0" encoding="UTF-8"?>
<!-- Generated by org.testng.reporters.JUnitXMLReporter -->
<testsuite hostname="Emin-MacBook-Air.local" ignored="1" name="yavuz" tests="2" failures="1" timestamp="07 Jun 2019 23:15:50 GMT" time="19.114" errors="0">
  <testcase name="contactInformation" time="2.113" classname="class3.NewtoursExample"/>
  <testcase name="mailingInformation" time="12.749" classname="class3.NewtoursExample">
    <failure type="org.openqa.selenium.NoSuchElementException" message="Cannot locate an element using css selector=input[name=&amp;apos;address&amp;apos;]
For documentation on this error, please visit: https://www.seleniumhq.org/exceptions/no_such_element.html
Build info: version: &amp;apos;3.141.59&amp;apos;, revision: &amp;apos;e82be7d358&amp;apos;, time: &amp;apos;2018-11-14T08:25:48&amp;apos;
System info: host: &amp;apos;Emin-MacBook-Air.local&amp;apos;, ip: &amp;apos;2601:88:8002:460:a5b3:68d1:9aed:79b4%en0&amp;apos;, os.name: &amp;apos;Mac OS X&amp;apos;, os.arch: &amp;apos;x86_64&amp;apos;, os.version: &amp;apos;10.13.6&amp;apos;, java.version: &amp;apos;1.8.0_201&amp;apos;
Driver info: driver.version: RemoteWebDriver">
      <![CDATA[org.openqa.selenium.NoSuchElementException: Cannot locate an element using css selector=input[name='address']
For documentation on this error, please visit: https://www.seleniumhq.org/exceptions/no_such_element.html
Build info: version: '3.141.59', revision: 'e82be7d358', time: '2018-11-14T08:25:48'
System info: host: 'Emin-MacBook-Air.local', ip: '2601:88:8002:460:a5b3:68d1:9aed:79b4%en0', os.name: 'Mac OS X', os.arch: 'x86_64', os.version: '10.13.6', java.version: '1.8.0_201'
Driver info: driver.version: RemoteWebDriver
at org.openqa.selenium.remote.RemoteWebDriver.findElement(RemoteWebDriver.java:327)
at org.openqa.selenium.remote.RemoteWebDriver.findElementByCssSelector(RemoteWebDriver.java:420)
at org.openqa.selenium.By$ByCssSelector.findElement(By.java:431)
at org.openqa.selenium.remote.RemoteWebDriver.findElement(RemoteWebDriver.java:315)
at class3.NewtoursExample.mailingInformation(NewtoursExample.java:37)
... Removed 25 stack frames]]>
    </failure>
  </testcase> <!-- mailingInformation -->
  <testcase name="userInformation" time="0.0" classname="class3.NewtoursExample">
    <ignored/>
  </testcase> <!-- userInformation -->
</testsuite> <!-- yavuz -->
